2026-04-12 16:54:44.829156 INFO::Writing function arguments to log file
2026-04-12 16:54:44.829665 DEBUG::Function arguments
2026-04-12 16:54:44.82982 DEBUG::Output folder: /Users/sreyasarkar/RProjects/muffinette/YuJ_2015.metaphlan_bugs_list.stool
2026-04-12 16:54:44.829957 DEBUG::Min Abundance: 0.000000
2026-04-12 16:54:44.830083 DEBUG::Min Prevalence: 0.000000
2026-04-12 16:54:44.83021 DEBUG::Normalization: NONE
2026-04-12 16:54:44.830334 DEBUG::Transform: NONE
2026-04-12 16:54:44.830455 DEBUG::Analysis method: LM
2026-04-12 16:54:44.830575 DEBUG::Max significance: 1.000000
2026-04-12 16:54:44.830698 DEBUG::Random effects:
2026-04-12 16:54:44.830819 DEBUG::Fixed effects: E1
2026-04-12 16:54:44.830939 DEBUG::Correction method: BH
2026-04-12 16:54:44.83106 DEBUG::Standardize: FALSE
2026-04-12 16:54:44.831178 DEBUG::Cores: 1
2026-04-12 16:54:44.831294 INFO::Verifying options selected are valid
2026-04-12 16:54:44.831546 INFO::Determining format of input files
2026-04-12 16:54:44.831821 INFO::Input format is data samples as columns and metadata samples as rows
2026-04-12 16:54:44.83254 DEBUG::Transformed data so samples are rows
2026-04-12 16:54:44.832868 DEBUG::A total of 128 samples were found in both the data and metadata
2026-04-12 16:54:44.833044 DEBUG::Reordering data/metadata to use same sample ordering
2026-04-12 16:54:44.833618 INFO::Formula for fixed effects: expr ~  E1
2026-04-12 16:54:44.833918 INFO::Factor detected for categorial metadata 'E1'. Provide a reference argument or manually set factor ordering to change reference level.
2026-04-12 16:54:44.834148 INFO::Filter data based on min abundance and min prevalence
2026-04-12 16:54:44.834373 INFO::Total samples in data: 128
2026-04-12 16:54:44.834592 INFO::Min samples required with min abundance for a feature not to be filtered: 0.000000
2026-04-12 16:54:44.835365 INFO::Total filtered features: 0
2026-04-12 16:54:44.835621 INFO::Filtered feature names from abundance and prevalence filtering:
2026-04-12 16:54:44.836634 INFO::Total filtered features with variance filtering: 0
2026-04-12 16:54:44.83689 INFO::Filtered feature names from variance filtering:
2026-04-12 16:54:44.837107 INFO::Running selected normalization method: NONE
2026-04-12 16:54:44.837314 INFO::Bypass z-score application to metadata
2026-04-12 16:54:44.837522 INFO::Running selected transform method: NONE
2026-04-12 16:54:44.837732 INFO::Running selected analysis method: LM
2026-04-12 16:54:44.837974 INFO::Fitting model to feature number 1, T1
2026-04-12 16:54:44.839098 INFO::Fitting model to feature number 2, T2
2026-04-12 16:54:44.840067 INFO::Fitting model to feature number 3, T3
2026-04-12 16:54:44.841017 INFO::Fitting model to feature number 4, T4
2026-04-12 16:54:44.841949 INFO::Fitting model to feature number 5, T5
2026-04-12 16:54:44.84289 INFO::Fitting model to feature number 6, T6
2026-04-12 16:54:44.843827 INFO::Fitting model to feature number 7, T7
2026-04-12 16:54:44.844804 INFO::Fitting model to feature number 8, T8
2026-04-12 16:54:44.845797 INFO::Fitting model to feature number 9, T9
2026-04-12 16:54:44.846777 INFO::Fitting model to feature number 10, T10
2026-04-12 16:54:44.847735 INFO::Fitting model to feature number 11, T11
2026-04-12 16:54:44.848697 INFO::Fitting model to feature number 12, T12
2026-04-12 16:54:44.849678 INFO::Fitting model to feature number 13, T13
2026-04-12 16:54:44.85063 INFO::Fitting model to feature number 14, T14
2026-04-12 16:54:44.851579 INFO::Fitting model to feature number 15, T15
2026-04-12 16:54:44.85252 INFO::Fitting model to feature number 16, T16
2026-04-12 16:54:44.853451 INFO::Fitting model to feature number 17, T17
2026-04-12 16:54:44.854386 INFO::Fitting model to feature number 18, T18
2026-04-12 16:54:44.85533 INFO::Fitting model to feature number 19, T19
2026-04-12 16:54:44.856284 INFO::Fitting model to feature number 20, T20
2026-04-12 16:54:44.857278 INFO::Fitting model to feature number 21, T21
2026-04-12 16:54:44.858237 INFO::Fitting model to feature number 22, T22
2026-04-12 16:54:44.859202 INFO::Fitting model to feature number 23, T23
2026-04-12 16:54:44.860182 INFO::Fitting model to feature number 24, T24
2026-04-12 16:54:44.861139 INFO::Fitting model to feature number 25, T25
2026-04-12 16:54:44.862096 INFO::Fitting model to feature number 26, T26
2026-04-12 16:54:44.863037 INFO::Fitting model to feature number 27, T27
2026-04-12 16:54:44.86397 INFO::Fitting model to feature number 28, T28
2026-04-12 16:54:44.864913 INFO::Fitting model to feature number 29, T29
2026-04-12 16:54:44.865851 INFO::Fitting model to feature number 30, T30
2026-04-12 16:54:44.866857 INFO::Fitting model to feature number 31, T31
2026-04-12 16:54:44.867837 INFO::Fitting model to feature number 32, T32
2026-04-12 16:54:44.86878 INFO::Fitting model to feature number 33, T33
2026-04-12 16:54:44.869721 INFO::Fitting model to feature number 34, T34
2026-04-12 16:54:44.870664 INFO::Fitting model to feature number 35, T35
2026-04-12 16:54:44.871599 INFO::Fitting model to feature number 36, T36
2026-04-12 16:54:44.872545 INFO::Fitting model to feature number 37, T37
2026-04-12 16:54:44.873489 INFO::Fitting model to feature number 38, T38
2026-04-12 16:54:44.87443 INFO::Fitting model to feature number 39, T39
2026-04-12 16:54:44.875364 INFO::Fitting model to feature number 40, T40
2026-04-12 16:54:44.876306 INFO::Fitting model to feature number 41, T41
2026-04-12 16:54:44.877248 INFO::Fitting model to feature number 42, T42
2026-04-12 16:54:44.8782 INFO::Fitting model to feature number 43, T43
2026-04-12 16:54:44.879151 INFO::Fitting model to feature number 44, T44
2026-04-12 16:54:44.880103 INFO::Fitting model to feature number 45, T45
2026-04-12 16:54:44.881095 INFO::Fitting model to feature number 46, T46
2026-04-12 16:54:44.88207 INFO::Fitting model to feature number 47, T47
2026-04-12 16:54:44.883003 INFO::Fitting model to feature number 48, T48
2026-04-12 16:54:44.883931 INFO::Fitting model to feature number 49, T49
2026-04-12 16:54:44.884862 INFO::Fitting model to feature number 50, T50
2026-04-12 16:54:44.885792 INFO::Fitting model to feature number 51, T51
2026-04-12 16:54:44.886734 INFO::Fitting model to feature number 52, T52
2026-04-12 16:54:44.887671 INFO::Fitting model to feature number 53, T53
2026-04-12 16:54:44.888605 INFO::Fitting model to feature number 54, T54
2026-04-12 16:54:44.889546 INFO::Fitting model to feature number 55, T55
2026-04-12 16:54:44.8905 INFO::Fitting model to feature number 56, T56
2026-04-12 16:54:44.891443 INFO::Fitting model to feature number 57, T57
2026-04-12 16:54:44.89238 INFO::Fitting model to feature number 58, T58
2026-04-12 16:54:44.893326 INFO::Fitting model to feature number 59, T59
2026-04-12 16:54:44.894262 INFO::Fitting model to feature number 60, T60
2026-04-12 16:54:44.89522 INFO::Fitting model to feature number 61, T61
2026-04-12 16:54:44.896155 INFO::Fitting model to feature number 62, T62
2026-04-12 16:54:44.897086 INFO::Fitting model to feature number 63, T63
2026-04-12 16:54:44.898017 INFO::Fitting model to feature number 64, T64
2026-04-12 16:54:44.898995 INFO::Fitting model to feature number 65, T65
2026-04-12 16:54:44.899986 INFO::Fitting model to feature number 66, T66
2026-04-12 16:54:44.912642 INFO::Fitting model to feature number 67, T67
2026-04-12 16:54:44.913821 INFO::Fitting model to feature number 68, T68
2026-04-12 16:54:44.914757 INFO::Fitting model to feature number 69, T69
2026-04-12 16:54:44.915682 INFO::Fitting model to feature number 70, T70
2026-04-12 16:54:44.91661 INFO::Fitting model to feature number 71, T71
2026-04-12 16:54:44.917534 INFO::Fitting model to feature number 72, T72
2026-04-12 16:54:44.918457 INFO::Fitting model to feature number 73, T73
2026-04-12 16:54:44.919403 INFO::Fitting model to feature number 74, T74
2026-04-12 16:54:44.920333 INFO::Fitting model to feature number 75, T75
2026-04-12 16:54:44.92127 INFO::Fitting model to feature number 76, T76
2026-04-12 16:54:44.922211 INFO::Fitting model to feature number 77, T77
2026-04-12 16:54:44.92316 INFO::Fitting model to feature number 78, T78
2026-04-12 16:54:44.924092 INFO::Fitting model to feature number 79, T79
2026-04-12 16:54:44.925027 INFO::Fitting model to feature number 80, T80
2026-04-12 16:54:44.926177 INFO::Fitting model to feature number 81, T81
2026-04-12 16:54:44.927196 INFO::Fitting model to feature number 82, T82
2026-04-12 16:54:44.928184 INFO::Fitting model to feature number 83, T83
2026-04-12 16:54:44.929148 INFO::Fitting model to feature number 84, T84
2026-04-12 16:54:44.930083 INFO::Fitting model to feature number 85, T85
2026-04-12 16:54:44.931014 INFO::Fitting model to feature number 86, T86
2026-04-12 16:54:44.931943 INFO::Fitting model to feature number 87, T87
2026-04-12 16:54:44.932867 INFO::Fitting model to feature number 88, T88
2026-04-12 16:54:44.933813 INFO::Fitting model to feature number 89, T89
2026-04-12 16:54:44.934756 INFO::Fitting model to feature number 90, T90
2026-04-12 16:54:44.935703 INFO::Fitting model to feature number 91, T91
2026-04-12 16:54:44.936661 INFO::Fitting model to feature number 92, T92
2026-04-12 16:54:44.937598 INFO::Fitting model to feature number 93, T93
2026-04-12 16:54:44.938549 INFO::Fitting model to feature number 94, T94
2026-04-12 16:54:44.939488 INFO::Fitting model to feature number 95, T95
2026-04-12 16:54:44.94043 INFO::Fitting model to feature number 96, T96
2026-04-12 16:54:44.941354 INFO::Fitting model to feature number 97, T97
2026-04-12 16:54:44.942283 INFO::Fitting model to feature number 98, T98
2026-04-12 16:54:44.943224 INFO::Fitting model to feature number 99, T99
2026-04-12 16:54:44.944168 INFO::Fitting model to feature number 100, T100
2026-04-12 16:54:44.949688 INFO::Counting total values for each feature
2026-04-12 16:54:44.951665 INFO::Writing filtered data to file /Users/sreyasarkar/RProjects/muffinette/YuJ_2015.metaphlan_bugs_list.stool/features/filtered_data.tsv
2026-04-12 16:54:44.95976 INFO::Writing filtered, normalized data to file /Users/sreyasarkar/RProjects/muffinette/YuJ_2015.metaphlan_bugs_list.stool/features/filtered_data_norm.tsv
2026-04-12 16:54:44.967489 INFO::Writing filtered, normalized, transformed data to file /Users/sreyasarkar/RProjects/muffinette/YuJ_2015.metaphlan_bugs_list.stool/features/filtered_data_norm_transformed.tsv
2026-04-12 16:54:44.97545 WARNING::Deleting existing residuals file: /Users/sreyasarkar/RProjects/muffinette/YuJ_2015.metaphlan_bugs_list.stool/fits/residuals.rds
2026-04-12 16:54:44.976044 INFO::Writing residuals to file /Users/sreyasarkar/RProjects/muffinette/YuJ_2015.metaphlan_bugs_list.stool/fits/residuals.rds
2026-04-12 16:54:44.979508 WARNING::Deleting existing fitted file: /Users/sreyasarkar/RProjects/muffinette/YuJ_2015.metaphlan_bugs_list.stool/fits/fitted.rds
2026-04-12 16:54:44.979953 INFO::Writing fitted values to file /Users/sreyasarkar/RProjects/muffinette/YuJ_2015.metaphlan_bugs_list.stool/fits/fitted.rds
2026-04-12 16:54:44.980748 INFO::Writing all results to file (ordered by increasing q-values): /Users/sreyasarkar/RProjects/muffinette/YuJ_2015.metaphlan_bugs_list.stool/all_results.tsv
2026-04-12 16:54:44.982344 INFO::Writing the significant results (those which are less than or equal to the threshold of 1.000000 ) to file (ordered by increasing q-values): /Users/sreyasarkar/RProjects/muffinette/YuJ_2015.metaphlan_bugs_list.stool/significant_results.tsv
2026-04-12 16:54:44.986339 WARNING::Input is a matrix, passing through as.data.frame() .
