2026-04-12 16:54:44.395003 INFO::Writing function arguments to log file
2026-04-12 16:54:44.395557 DEBUG::Function arguments
2026-04-12 16:54:44.395756 DEBUG::Output folder: /Users/sreyasarkar/RProjects/muffinette/FengQ_2015.metaphlan_bugs_list.stool
2026-04-12 16:54:44.395918 DEBUG::Min Abundance: 0.000000
2026-04-12 16:54:44.396059 DEBUG::Min Prevalence: 0.000000
2026-04-12 16:54:44.3962 DEBUG::Normalization: NONE
2026-04-12 16:54:44.396338 DEBUG::Transform: NONE
2026-04-12 16:54:44.396467 DEBUG::Analysis method: LM
2026-04-12 16:54:44.396599 DEBUG::Max significance: 1.000000
2026-04-12 16:54:44.396729 DEBUG::Random effects:
2026-04-12 16:54:44.396863 DEBUG::Fixed effects: E1
2026-04-12 16:54:44.396988 DEBUG::Correction method: BH
2026-04-12 16:54:44.397121 DEBUG::Standardize: FALSE
2026-04-12 16:54:44.397256 DEBUG::Cores: 1
2026-04-12 16:54:44.397378 INFO::Verifying options selected are valid
2026-04-12 16:54:44.39764 INFO::Determining format of input files
2026-04-12 16:54:44.397916 INFO::Input format is data samples as columns and metadata samples as rows
2026-04-12 16:54:44.398639 DEBUG::Transformed data so samples are rows
2026-04-12 16:54:44.3989 DEBUG::A total of 107 samples were found in both the data and metadata
2026-04-12 16:54:44.399023 DEBUG::Reordering data/metadata to use same sample ordering
2026-04-12 16:54:44.39958 INFO::Formula for fixed effects: expr ~  E1
2026-04-12 16:54:44.399869 INFO::Factor detected for categorial metadata 'E1'. Provide a reference argument or manually set factor ordering to change reference level.
2026-04-12 16:54:44.40011 INFO::Filter data based on min abundance and min prevalence
2026-04-12 16:54:44.400348 INFO::Total samples in data: 107
2026-04-12 16:54:44.400561 INFO::Min samples required with min abundance for a feature not to be filtered: 0.000000
2026-04-12 16:54:44.40129 INFO::Total filtered features: 0
2026-04-12 16:54:44.401535 INFO::Filtered feature names from abundance and prevalence filtering:
2026-04-12 16:54:44.40262 INFO::Total filtered features with variance filtering: 0
2026-04-12 16:54:44.402904 INFO::Filtered feature names from variance filtering:
2026-04-12 16:54:44.403151 INFO::Running selected normalization method: NONE
2026-04-12 16:54:44.403401 INFO::Bypass z-score application to metadata
2026-04-12 16:54:44.403651 INFO::Running selected transform method: NONE
2026-04-12 16:54:44.403871 INFO::Running selected analysis method: LM
2026-04-12 16:54:44.404119 INFO::Fitting model to feature number 1, T1
2026-04-12 16:54:44.405315 INFO::Fitting model to feature number 2, T2
2026-04-12 16:54:44.406346 INFO::Fitting model to feature number 3, T3
2026-04-12 16:54:44.40741 INFO::Fitting model to feature number 4, T4
2026-04-12 16:54:44.408425 INFO::Fitting model to feature number 5, T5
2026-04-12 16:54:44.409397 INFO::Fitting model to feature number 6, T6
2026-04-12 16:54:44.410356 INFO::Fitting model to feature number 7, T7
2026-04-12 16:54:44.411324 INFO::Fitting model to feature number 8, T8
2026-04-12 16:54:44.412465 INFO::Fitting model to feature number 9, T9
2026-04-12 16:54:44.413499 INFO::Fitting model to feature number 10, T10
2026-04-12 16:54:44.414527 INFO::Fitting model to feature number 11, T11
2026-04-12 16:54:44.415502 INFO::Fitting model to feature number 12, T12
2026-04-12 16:54:44.416495 INFO::Fitting model to feature number 13, T13
2026-04-12 16:54:44.417472 INFO::Fitting model to feature number 14, T14
2026-04-12 16:54:44.418448 INFO::Fitting model to feature number 15, T15
2026-04-12 16:54:44.419445 INFO::Fitting model to feature number 16, T16
2026-04-12 16:54:44.42044 INFO::Fitting model to feature number 17, T17
2026-04-12 16:54:44.421478 INFO::Fitting model to feature number 18, T18
2026-04-12 16:54:44.422454 INFO::Fitting model to feature number 19, T19
2026-04-12 16:54:44.423428 INFO::Fitting model to feature number 20, T20
2026-04-12 16:54:44.424411 INFO::Fitting model to feature number 21, T21
2026-04-12 16:54:44.425379 INFO::Fitting model to feature number 22, T22
2026-04-12 16:54:44.426349 INFO::Fitting model to feature number 23, T23
2026-04-12 16:54:44.427482 INFO::Fitting model to feature number 24, T24
2026-04-12 16:54:44.428533 INFO::Fitting model to feature number 25, T25
2026-04-12 16:54:44.429542 INFO::Fitting model to feature number 26, T26
2026-04-12 16:54:44.430536 INFO::Fitting model to feature number 27, T27
2026-04-12 16:54:44.431522 INFO::Fitting model to feature number 28, T28
2026-04-12 16:54:44.432511 INFO::Fitting model to feature number 29, T29
2026-04-12 16:54:44.433489 INFO::Fitting model to feature number 30, T30
2026-04-12 16:54:44.434474 INFO::Fitting model to feature number 31, T31
2026-04-12 16:54:44.435436 INFO::Fitting model to feature number 32, T32
2026-04-12 16:54:44.436408 INFO::Fitting model to feature number 33, T33
2026-04-12 16:54:44.437385 INFO::Fitting model to feature number 34, T34
2026-04-12 16:54:44.438339 INFO::Fitting model to feature number 35, T35
2026-04-12 16:54:44.439305 INFO::Fitting model to feature number 36, T36
2026-04-12 16:54:44.440283 INFO::Fitting model to feature number 37, T37
2026-04-12 16:54:44.441243 INFO::Fitting model to feature number 38, T38
2026-04-12 16:54:44.442191 INFO::Fitting model to feature number 39, T39
2026-04-12 16:54:44.443148 INFO::Fitting model to feature number 40, T40
2026-04-12 16:54:44.444099 INFO::Fitting model to feature number 41, T41
2026-04-12 16:54:44.445143 INFO::Fitting model to feature number 42, T42
2026-04-12 16:54:44.446135 INFO::Fitting model to feature number 43, T43
2026-04-12 16:54:44.447127 INFO::Fitting model to feature number 44, T44
2026-04-12 16:54:44.448081 INFO::Fitting model to feature number 45, T45
2026-04-12 16:54:44.449037 INFO::Fitting model to feature number 46, T46
2026-04-12 16:54:44.450003 INFO::Fitting model to feature number 47, T47
2026-04-12 16:54:44.450971 INFO::Fitting model to feature number 48, T48
2026-04-12 16:54:44.452022 INFO::Fitting model to feature number 49, T49
2026-04-12 16:54:44.452988 INFO::Fitting model to feature number 50, T50
2026-04-12 16:54:44.453952 INFO::Fitting model to feature number 51, T51
2026-04-12 16:54:44.454907 INFO::Fitting model to feature number 52, T52
2026-04-12 16:54:44.455914 INFO::Fitting model to feature number 53, T53
2026-04-12 16:54:44.456899 INFO::Fitting model to feature number 54, T54
2026-04-12 16:54:44.457865 INFO::Fitting model to feature number 55, T55
2026-04-12 16:54:44.45883 INFO::Fitting model to feature number 56, T56
2026-04-12 16:54:44.459816 INFO::Fitting model to feature number 57, T57
2026-04-12 16:54:44.460796 INFO::Fitting model to feature number 58, T58
2026-04-12 16:54:44.461792 INFO::Fitting model to feature number 59, T59
2026-04-12 16:54:44.462767 INFO::Fitting model to feature number 60, T60
2026-04-12 16:54:44.463735 INFO::Fitting model to feature number 61, T61
2026-04-12 16:54:44.4647 INFO::Fitting model to feature number 62, T62
2026-04-12 16:54:44.465664 INFO::Fitting model to feature number 63, T63
2026-04-12 16:54:44.466614 INFO::Fitting model to feature number 64, T64
2026-04-12 16:54:44.467592 INFO::Fitting model to feature number 65, T65
2026-04-12 16:54:44.468559 INFO::Fitting model to feature number 66, T66
2026-04-12 16:54:44.469525 INFO::Fitting model to feature number 67, T67
2026-04-12 16:54:44.4705 INFO::Fitting model to feature number 68, T68
2026-04-12 16:54:44.471453 INFO::Fitting model to feature number 69, T69
2026-04-12 16:54:44.472428 INFO::Fitting model to feature number 70, T70
2026-04-12 16:54:44.473428 INFO::Fitting model to feature number 71, T71
2026-04-12 16:54:44.474388 INFO::Fitting model to feature number 72, T72
2026-04-12 16:54:44.475362 INFO::Fitting model to feature number 73, T73
2026-04-12 16:54:44.476328 INFO::Fitting model to feature number 74, T74
2026-04-12 16:54:44.477341 INFO::Fitting model to feature number 75, T75
2026-04-12 16:54:44.478512 INFO::Fitting model to feature number 76, T76
2026-04-12 16:54:44.479584 INFO::Fitting model to feature number 77, T77
2026-04-12 16:54:44.480601 INFO::Fitting model to feature number 78, T78
2026-04-12 16:54:44.481613 INFO::Fitting model to feature number 79, T79
2026-04-12 16:54:44.482627 INFO::Fitting model to feature number 80, T80
2026-04-12 16:54:44.484001 INFO::Fitting model to feature number 81, T81
2026-04-12 16:54:44.485126 INFO::Fitting model to feature number 82, T82
2026-04-12 16:54:44.486187 INFO::Fitting model to feature number 83, T83
2026-04-12 16:54:44.487229 INFO::Fitting model to feature number 84, T84
2026-04-12 16:54:44.488268 INFO::Fitting model to feature number 85, T85
2026-04-12 16:54:44.489313 INFO::Fitting model to feature number 86, T86
2026-04-12 16:54:44.490369 INFO::Fitting model to feature number 87, T87
2026-04-12 16:54:44.491411 INFO::Fitting model to feature number 88, T88
2026-04-12 16:54:44.492443 INFO::Fitting model to feature number 89, T89
2026-04-12 16:54:44.493462 INFO::Fitting model to feature number 90, T90
2026-04-12 16:54:44.494482 INFO::Fitting model to feature number 91, T91
2026-04-12 16:54:44.495576 INFO::Fitting model to feature number 92, T92
2026-04-12 16:54:44.49661 INFO::Fitting model to feature number 93, T93
2026-04-12 16:54:44.497629 INFO::Fitting model to feature number 94, T94
2026-04-12 16:54:44.49865 INFO::Fitting model to feature number 95, T95
2026-04-12 16:54:44.499661 INFO::Fitting model to feature number 96, T96
2026-04-12 16:54:44.500674 INFO::Fitting model to feature number 97, T97
2026-04-12 16:54:44.501681 INFO::Fitting model to feature number 98, T98
2026-04-12 16:54:44.502709 INFO::Fitting model to feature number 99, T99
2026-04-12 16:54:44.503715 INFO::Fitting model to feature number 100, T100
2026-04-12 16:54:44.509698 INFO::Counting total values for each feature
2026-04-12 16:54:44.511908 INFO::Writing filtered data to file /Users/sreyasarkar/RProjects/muffinette/FengQ_2015.metaphlan_bugs_list.stool/features/filtered_data.tsv
2026-04-12 16:54:44.519283 INFO::Writing filtered, normalized data to file /Users/sreyasarkar/RProjects/muffinette/FengQ_2015.metaphlan_bugs_list.stool/features/filtered_data_norm.tsv
2026-04-12 16:54:44.52602 INFO::Writing filtered, normalized, transformed data to file /Users/sreyasarkar/RProjects/muffinette/FengQ_2015.metaphlan_bugs_list.stool/features/filtered_data_norm_transformed.tsv
2026-04-12 16:54:44.533091 WARNING::Deleting existing residuals file: /Users/sreyasarkar/RProjects/muffinette/FengQ_2015.metaphlan_bugs_list.stool/fits/residuals.rds
2026-04-12 16:54:44.533704 INFO::Writing residuals to file /Users/sreyasarkar/RProjects/muffinette/FengQ_2015.metaphlan_bugs_list.stool/fits/residuals.rds
2026-04-12 16:54:44.536571 WARNING::Deleting existing fitted file: /Users/sreyasarkar/RProjects/muffinette/FengQ_2015.metaphlan_bugs_list.stool/fits/fitted.rds
2026-04-12 16:54:44.537106 INFO::Writing fitted values to file /Users/sreyasarkar/RProjects/muffinette/FengQ_2015.metaphlan_bugs_list.stool/fits/fitted.rds
2026-04-12 16:54:44.537824 INFO::Writing all results to file (ordered by increasing q-values): /Users/sreyasarkar/RProjects/muffinette/FengQ_2015.metaphlan_bugs_list.stool/all_results.tsv
2026-04-12 16:54:44.538943 INFO::Writing the significant results (those which are less than or equal to the threshold of 1.000000 ) to file (ordered by increasing q-values): /Users/sreyasarkar/RProjects/muffinette/FengQ_2015.metaphlan_bugs_list.stool/significant_results.tsv
2026-04-12 16:54:44.542864 WARNING::Input is a matrix, passing through as.data.frame() .
