2026-04-12 16:50:20.332112 INFO::Writing function arguments to log file
2026-04-12 16:50:20.332473 DEBUG::Function arguments
2026-04-12 16:50:20.332637 DEBUG::Output folder: MMUPHin_lm_meta//ZellerG_2014.metaphlan_bugs_list.stool
2026-04-12 16:50:20.332792 DEBUG::Min Abundance: 0.000000
2026-04-12 16:50:20.332931 DEBUG::Min Prevalence: 0.000000
2026-04-12 16:50:20.333074 DEBUG::Normalization: NONE
2026-04-12 16:50:20.333211 DEBUG::Transform: NONE
2026-04-12 16:50:20.333339 DEBUG::Analysis method: LM
2026-04-12 16:50:20.333474 DEBUG::Max significance: 1.000000
2026-04-12 16:50:20.333619 DEBUG::Random effects:
2026-04-12 16:50:20.333764 DEBUG::Fixed effects: E1
2026-04-12 16:50:20.333907 DEBUG::Correction method: BH
2026-04-12 16:50:20.334039 DEBUG::Standardize: FALSE
2026-04-12 16:50:20.334171 DEBUG::Cores: 1
2026-04-12 16:50:20.334301 INFO::Verifying options selected are valid
2026-04-12 16:50:20.334588 INFO::Determining format of input files
2026-04-12 16:50:20.334898 INFO::Input format is data samples as columns and metadata samples as rows
2026-04-12 16:50:20.335944 DEBUG::Transformed data so samples are rows
2026-04-12 16:50:20.336244 DEBUG::A total of 157 samples were found in both the data and metadata
2026-04-12 16:50:20.336382 DEBUG::Reordering data/metadata to use same sample ordering
2026-04-12 16:50:20.336994 INFO::Formula for fixed effects: expr ~  E1
2026-04-12 16:50:20.337296 INFO::Factor detected for categorial metadata 'E1'. Provide a reference argument or manually set factor ordering to change reference level.
2026-04-12 16:50:20.337548 INFO::Filter data based on min abundance and min prevalence
2026-04-12 16:50:20.337788 INFO::Total samples in data: 157
2026-04-12 16:50:20.338026 INFO::Min samples required with min abundance for a feature not to be filtered: 0.000000
2026-04-12 16:50:20.338863 INFO::Total filtered features: 0
2026-04-12 16:50:20.339162 INFO::Filtered feature names from abundance and prevalence filtering:
2026-04-12 16:50:20.340346 INFO::Total filtered features with variance filtering: 0
2026-04-12 16:50:20.340676 INFO::Filtered feature names from variance filtering:
2026-04-12 16:50:20.340967 INFO::Running selected normalization method: NONE
2026-04-12 16:50:20.341203 INFO::Bypass z-score application to metadata
2026-04-12 16:50:20.341458 INFO::Running selected transform method: NONE
2026-04-12 16:50:20.341701 INFO::Running selected analysis method: LM
2026-04-12 16:50:20.342014 INFO::Fitting model to feature number 1, T1
2026-04-12 16:50:20.343355 INFO::Fitting model to feature number 2, T2
2026-04-12 16:50:20.344696 INFO::Fitting model to feature number 3, T3
2026-04-12 16:50:20.345923 INFO::Fitting model to feature number 4, T4
2026-04-12 16:50:20.347086 INFO::Fitting model to feature number 5, T5
2026-04-12 16:50:20.348269 INFO::Fitting model to feature number 6, T6
2026-04-12 16:50:20.349449 INFO::Fitting model to feature number 7, T7
2026-04-12 16:50:20.350554 INFO::Fitting model to feature number 8, T8
2026-04-12 16:50:20.351685 INFO::Fitting model to feature number 9, T9
2026-04-12 16:50:20.352781 INFO::Fitting model to feature number 10, T10
2026-04-12 16:50:20.35388 INFO::Fitting model to feature number 11, T11
2026-04-12 16:50:20.354962 INFO::Fitting model to feature number 12, T12
2026-04-12 16:50:20.356078 INFO::Fitting model to feature number 13, T13
2026-04-12 16:50:20.357154 INFO::Fitting model to feature number 14, T14
2026-04-12 16:50:20.358285 INFO::Fitting model to feature number 15, T15
2026-04-12 16:50:20.359363 INFO::Fitting model to feature number 16, T16
2026-04-12 16:50:20.360559 INFO::Fitting model to feature number 17, T17
2026-04-12 16:50:20.361619 INFO::Fitting model to feature number 18, T18
2026-04-12 16:50:20.362777 INFO::Fitting model to feature number 19, T19
2026-04-12 16:50:20.363914 INFO::Fitting model to feature number 20, T20
2026-04-12 16:50:20.364993 INFO::Fitting model to feature number 21, T21
2026-04-12 16:50:20.366077 INFO::Fitting model to feature number 22, T22
2026-04-12 16:50:20.367159 INFO::Fitting model to feature number 23, T23
2026-04-12 16:50:20.368477 INFO::Fitting model to feature number 24, T24
2026-04-12 16:50:20.369975 INFO::Fitting model to feature number 25, T25
2026-04-12 16:50:20.371903 INFO::Fitting model to feature number 26, T26
2026-04-12 16:50:20.373071 INFO::Fitting model to feature number 27, T27
2026-04-12 16:50:20.374084 INFO::Fitting model to feature number 28, T28
2026-04-12 16:50:20.37509 INFO::Fitting model to feature number 29, T29
2026-04-12 16:50:20.3761 INFO::Fitting model to feature number 30, T30
2026-04-12 16:50:20.377126 INFO::Fitting model to feature number 31, T31
2026-04-12 16:50:20.37818 INFO::Fitting model to feature number 32, T32
2026-04-12 16:50:20.379355 INFO::Fitting model to feature number 33, T33
2026-04-12 16:50:20.380404 INFO::Fitting model to feature number 34, T34
2026-04-12 16:50:20.381384 INFO::Fitting model to feature number 35, T35
2026-04-12 16:50:20.382369 INFO::Fitting model to feature number 36, T36
2026-04-12 16:50:20.38336 INFO::Fitting model to feature number 37, T37
2026-04-12 16:50:20.384366 INFO::Fitting model to feature number 38, T38
2026-04-12 16:50:20.385354 INFO::Fitting model to feature number 39, T39
2026-04-12 16:50:20.386338 INFO::Fitting model to feature number 40, T40
2026-04-12 16:50:20.387325 INFO::Fitting model to feature number 41, T41
2026-04-12 16:50:20.388319 INFO::Fitting model to feature number 42, T42
2026-04-12 16:50:20.389306 INFO::Fitting model to feature number 43, T43
2026-04-12 16:50:20.390272 INFO::Fitting model to feature number 44, T44
2026-04-12 16:50:20.39123 INFO::Fitting model to feature number 45, T45
2026-04-12 16:50:20.392169 INFO::Fitting model to feature number 46, T46
2026-04-12 16:50:20.393114 INFO::Fitting model to feature number 47, T47
2026-04-12 16:50:20.394055 INFO::Fitting model to feature number 48, T48
2026-04-12 16:50:20.394996 INFO::Fitting model to feature number 49, T49
2026-04-12 16:50:20.396013 INFO::Fitting model to feature number 50, T50
2026-04-12 16:50:20.396992 INFO::Fitting model to feature number 51, T51
2026-04-12 16:50:20.39795 INFO::Fitting model to feature number 52, T52
2026-04-12 16:50:20.398906 INFO::Fitting model to feature number 53, T53
2026-04-12 16:50:20.39986 INFO::Fitting model to feature number 54, T54
2026-04-12 16:50:20.400817 INFO::Fitting model to feature number 55, T55
2026-04-12 16:50:20.401781 INFO::Fitting model to feature number 56, T56
2026-04-12 16:50:20.402734 INFO::Fitting model to feature number 57, T57
2026-04-12 16:50:20.403684 INFO::Fitting model to feature number 58, T58
2026-04-12 16:50:20.404632 INFO::Fitting model to feature number 59, T59
2026-04-12 16:50:20.405586 INFO::Fitting model to feature number 60, T60
2026-04-12 16:50:20.406558 INFO::Fitting model to feature number 61, T61
2026-04-12 16:50:20.407527 INFO::Fitting model to feature number 62, T62
2026-04-12 16:50:20.408487 INFO::Fitting model to feature number 63, T63
2026-04-12 16:50:20.409455 INFO::Fitting model to feature number 64, T64
2026-04-12 16:50:20.41041 INFO::Fitting model to feature number 65, T65
2026-04-12 16:50:20.411386 INFO::Fitting model to feature number 66, T66
2026-04-12 16:50:20.412359 INFO::Fitting model to feature number 67, T67
2026-04-12 16:50:20.413348 INFO::Fitting model to feature number 68, T68
2026-04-12 16:50:20.414308 INFO::Fitting model to feature number 69, T69
2026-04-12 16:50:20.415261 INFO::Fitting model to feature number 70, T70
2026-04-12 16:50:20.416201 INFO::Fitting model to feature number 71, T71
2026-04-12 16:50:20.417148 INFO::Fitting model to feature number 72, T72
2026-04-12 16:50:20.41809 INFO::Fitting model to feature number 73, T73
2026-04-12 16:50:20.419041 INFO::Fitting model to feature number 74, T74
2026-04-12 16:50:20.419985 INFO::Fitting model to feature number 75, T75
2026-04-12 16:50:20.420926 INFO::Fitting model to feature number 76, T76
2026-04-12 16:50:20.421869 INFO::Fitting model to feature number 77, T77
2026-04-12 16:50:20.422829 INFO::Fitting model to feature number 78, T78
2026-04-12 16:50:20.423779 INFO::Fitting model to feature number 79, T79
2026-04-12 16:50:20.424732 INFO::Fitting model to feature number 80, T80
2026-04-12 16:50:20.425704 INFO::Fitting model to feature number 81, T81
2026-04-12 16:50:20.426654 INFO::Fitting model to feature number 82, T82
2026-04-12 16:50:20.427593 INFO::Fitting model to feature number 83, T83
2026-04-12 16:50:20.428563 INFO::Fitting model to feature number 84, T84
2026-04-12 16:50:20.429592 INFO::Fitting model to feature number 85, T85
2026-04-12 16:50:20.430597 INFO::Fitting model to feature number 86, T86
2026-04-12 16:50:20.431594 INFO::Fitting model to feature number 87, T87
2026-04-12 16:50:20.432577 INFO::Fitting model to feature number 88, T88
2026-04-12 16:50:20.433547 INFO::Fitting model to feature number 89, T89
2026-04-12 16:50:20.434523 INFO::Fitting model to feature number 90, T90
2026-04-12 16:50:20.435494 INFO::Fitting model to feature number 91, T91
2026-04-12 16:50:20.436476 INFO::Fitting model to feature number 92, T92
2026-04-12 16:50:20.437447 INFO::Fitting model to feature number 93, T93
2026-04-12 16:50:20.438412 INFO::Fitting model to feature number 94, T94
2026-04-12 16:50:20.439396 INFO::Fitting model to feature number 95, T95
2026-04-12 16:50:20.440351 INFO::Fitting model to feature number 96, T96
2026-04-12 16:50:20.44131 INFO::Fitting model to feature number 97, T97
2026-04-12 16:50:20.442309 INFO::Fitting model to feature number 98, T98
2026-04-12 16:50:20.443289 INFO::Fitting model to feature number 99, T99
2026-04-12 16:50:20.444253 INFO::Fitting model to feature number 100, T100
2026-04-12 16:50:20.461832 INFO::Counting total values for each feature
2026-04-12 16:50:20.464072 INFO::Writing filtered data to file MMUPHin_lm_meta//ZellerG_2014.metaphlan_bugs_list.stool/features/filtered_data.tsv
2026-04-12 16:50:20.47216 INFO::Writing filtered, normalized data to file MMUPHin_lm_meta//ZellerG_2014.metaphlan_bugs_list.stool/features/filtered_data_norm.tsv
2026-04-12 16:50:20.479713 INFO::Writing filtered, normalized, transformed data to file MMUPHin_lm_meta//ZellerG_2014.metaphlan_bugs_list.stool/features/filtered_data_norm_transformed.tsv
2026-04-12 16:50:20.487193 WARNING::Deleting existing residuals file: MMUPHin_lm_meta//ZellerG_2014.metaphlan_bugs_list.stool/fits/residuals.rds
2026-04-12 16:50:20.487675 INFO::Writing residuals to file MMUPHin_lm_meta//ZellerG_2014.metaphlan_bugs_list.stool/fits/residuals.rds
2026-04-12 16:50:20.49064 WARNING::Deleting existing fitted file: MMUPHin_lm_meta//ZellerG_2014.metaphlan_bugs_list.stool/fits/fitted.rds
2026-04-12 16:50:20.491079 INFO::Writing fitted values to file MMUPHin_lm_meta//ZellerG_2014.metaphlan_bugs_list.stool/fits/fitted.rds
2026-04-12 16:50:20.492048 INFO::Writing all results to file (ordered by increasing q-values): MMUPHin_lm_meta//ZellerG_2014.metaphlan_bugs_list.stool/all_results.tsv
2026-04-12 16:50:20.493148 INFO::Writing the significant results (those which are less than or equal to the threshold of 1.000000 ) to file (ordered by increasing q-values): MMUPHin_lm_meta//ZellerG_2014.metaphlan_bugs_list.stool/significant_results.tsv
2026-04-12 16:52:13.708215 WARNING::Input is a matrix, passing through as.data.frame() .
