2026-04-12 16:54:44.987346 INFO::Writing function arguments to log file
2026-04-12 16:54:44.987662 DEBUG::Function arguments
2026-04-12 16:54:44.987812 DEBUG::Output folder: /Users/sreyasarkar/RProjects/muffinette/ZellerG_2014.metaphlan_bugs_list.stool
2026-04-12 16:54:44.987949 DEBUG::Min Abundance: 0.000000
2026-04-12 16:54:44.988077 DEBUG::Min Prevalence: 0.000000
2026-04-12 16:54:44.988199 DEBUG::Normalization: NONE
2026-04-12 16:54:44.988326 DEBUG::Transform: NONE
2026-04-12 16:54:44.988449 DEBUG::Analysis method: LM
2026-04-12 16:54:44.988568 DEBUG::Max significance: 1.000000
2026-04-12 16:54:44.98869 DEBUG::Random effects:
2026-04-12 16:54:44.988809 DEBUG::Fixed effects: E1
2026-04-12 16:54:44.988927 DEBUG::Correction method: BH
2026-04-12 16:54:44.989046 DEBUG::Standardize: FALSE
2026-04-12 16:54:44.989167 DEBUG::Cores: 1
2026-04-12 16:54:44.989283 INFO::Verifying options selected are valid
2026-04-12 16:54:44.989531 INFO::Determining format of input files
2026-04-12 16:54:44.989804 INFO::Input format is data samples as columns and metadata samples as rows
2026-04-12 16:54:44.990603 DEBUG::Transformed data so samples are rows
2026-04-12 16:54:44.990876 DEBUG::A total of 157 samples were found in both the data and metadata
2026-04-12 16:54:44.990998 DEBUG::Reordering data/metadata to use same sample ordering
2026-04-12 16:54:44.991559 INFO::Formula for fixed effects: expr ~  E1
2026-04-12 16:54:44.991826 INFO::Factor detected for categorial metadata 'E1'. Provide a reference argument or manually set factor ordering to change reference level.
2026-04-12 16:54:44.992042 INFO::Filter data based on min abundance and min prevalence
2026-04-12 16:54:44.992264 INFO::Total samples in data: 157
2026-04-12 16:54:44.99247 INFO::Min samples required with min abundance for a feature not to be filtered: 0.000000
2026-04-12 16:54:44.993216 INFO::Total filtered features: 0
2026-04-12 16:54:44.993455 INFO::Filtered feature names from abundance and prevalence filtering:
2026-04-12 16:54:44.994512 INFO::Total filtered features with variance filtering: 0
2026-04-12 16:54:44.994774 INFO::Filtered feature names from variance filtering:
2026-04-12 16:54:44.995005 INFO::Running selected normalization method: NONE
2026-04-12 16:54:44.995211 INFO::Bypass z-score application to metadata
2026-04-12 16:54:44.995413 INFO::Running selected transform method: NONE
2026-04-12 16:54:44.995616 INFO::Running selected analysis method: LM
2026-04-12 16:54:44.995855 INFO::Fitting model to feature number 1, T1
2026-04-12 16:54:44.997002 INFO::Fitting model to feature number 2, T2
2026-04-12 16:54:44.997994 INFO::Fitting model to feature number 3, T3
2026-04-12 16:54:44.998996 INFO::Fitting model to feature number 4, T4
2026-04-12 16:54:44.999964 INFO::Fitting model to feature number 5, T5
2026-04-12 16:54:45.000922 INFO::Fitting model to feature number 6, T6
2026-04-12 16:54:45.001878 INFO::Fitting model to feature number 7, T7
2026-04-12 16:54:45.002836 INFO::Fitting model to feature number 8, T8
2026-04-12 16:54:45.003775 INFO::Fitting model to feature number 9, T9
2026-04-12 16:54:45.004711 INFO::Fitting model to feature number 10, T10
2026-04-12 16:54:45.00565 INFO::Fitting model to feature number 11, T11
2026-04-12 16:54:45.006591 INFO::Fitting model to feature number 12, T12
2026-04-12 16:54:45.00753 INFO::Fitting model to feature number 13, T13
2026-04-12 16:54:45.008465 INFO::Fitting model to feature number 14, T14
2026-04-12 16:54:45.009406 INFO::Fitting model to feature number 15, T15
2026-04-12 16:54:45.010339 INFO::Fitting model to feature number 16, T16
2026-04-12 16:54:45.011281 INFO::Fitting model to feature number 17, T17
2026-04-12 16:54:45.012251 INFO::Fitting model to feature number 18, T18
2026-04-12 16:54:45.013196 INFO::Fitting model to feature number 19, T19
2026-04-12 16:54:45.014151 INFO::Fitting model to feature number 20, T20
2026-04-12 16:54:45.01509 INFO::Fitting model to feature number 21, T21
2026-04-12 16:54:45.016029 INFO::Fitting model to feature number 22, T22
2026-04-12 16:54:45.016965 INFO::Fitting model to feature number 23, T23
2026-04-12 16:54:45.017942 INFO::Fitting model to feature number 24, T24
2026-04-12 16:54:45.018882 INFO::Fitting model to feature number 25, T25
2026-04-12 16:54:45.019818 INFO::Fitting model to feature number 26, T26
2026-04-12 16:54:45.020758 INFO::Fitting model to feature number 27, T27
2026-04-12 16:54:45.021695 INFO::Fitting model to feature number 28, T28
2026-04-12 16:54:45.022627 INFO::Fitting model to feature number 29, T29
2026-04-12 16:54:45.023567 INFO::Fitting model to feature number 30, T30
2026-04-12 16:54:45.024501 INFO::Fitting model to feature number 31, T31
2026-04-12 16:54:45.025442 INFO::Fitting model to feature number 32, T32
2026-04-12 16:54:45.026395 INFO::Fitting model to feature number 33, T33
2026-04-12 16:54:45.027335 INFO::Fitting model to feature number 34, T34
2026-04-12 16:54:45.028297 INFO::Fitting model to feature number 35, T35
2026-04-12 16:54:45.029245 INFO::Fitting model to feature number 36, T36
2026-04-12 16:54:45.030193 INFO::Fitting model to feature number 37, T37
2026-04-12 16:54:45.03114 INFO::Fitting model to feature number 38, T38
2026-04-12 16:54:45.03208 INFO::Fitting model to feature number 39, T39
2026-04-12 16:54:45.033043 INFO::Fitting model to feature number 40, T40
2026-04-12 16:54:45.033989 INFO::Fitting model to feature number 41, T41
2026-04-12 16:54:45.034943 INFO::Fitting model to feature number 42, T42
2026-04-12 16:54:45.035917 INFO::Fitting model to feature number 43, T43
2026-04-12 16:54:45.036878 INFO::Fitting model to feature number 44, T44
2026-04-12 16:54:45.037831 INFO::Fitting model to feature number 45, T45
2026-04-12 16:54:45.038783 INFO::Fitting model to feature number 46, T46
2026-04-12 16:54:45.039748 INFO::Fitting model to feature number 47, T47
2026-04-12 16:54:45.040692 INFO::Fitting model to feature number 48, T48
2026-04-12 16:54:45.041636 INFO::Fitting model to feature number 49, T49
2026-04-12 16:54:45.042578 INFO::Fitting model to feature number 50, T50
2026-04-12 16:54:45.043538 INFO::Fitting model to feature number 51, T51
2026-04-12 16:54:45.044647 INFO::Fitting model to feature number 52, T52
2026-04-12 16:54:45.045746 INFO::Fitting model to feature number 53, T53
2026-04-12 16:54:45.046759 INFO::Fitting model to feature number 54, T54
2026-04-12 16:54:45.047733 INFO::Fitting model to feature number 55, T55
2026-04-12 16:54:45.048698 INFO::Fitting model to feature number 56, T56
2026-04-12 16:54:45.049654 INFO::Fitting model to feature number 57, T57
2026-04-12 16:54:45.050605 INFO::Fitting model to feature number 58, T58
2026-04-12 16:54:45.051553 INFO::Fitting model to feature number 59, T59
2026-04-12 16:54:45.052511 INFO::Fitting model to feature number 60, T60
2026-04-12 16:54:45.053461 INFO::Fitting model to feature number 61, T61
2026-04-12 16:54:45.054418 INFO::Fitting model to feature number 62, T62
2026-04-12 16:54:45.055383 INFO::Fitting model to feature number 63, T63
2026-04-12 16:54:45.056344 INFO::Fitting model to feature number 64, T64
2026-04-12 16:54:45.05729 INFO::Fitting model to feature number 65, T65
2026-04-12 16:54:45.05824 INFO::Fitting model to feature number 66, T66
2026-04-12 16:54:45.059193 INFO::Fitting model to feature number 67, T67
2026-04-12 16:54:45.060154 INFO::Fitting model to feature number 68, T68
2026-04-12 16:54:45.061119 INFO::Fitting model to feature number 69, T69
2026-04-12 16:54:45.062102 INFO::Fitting model to feature number 70, T70
2026-04-12 16:54:45.063057 INFO::Fitting model to feature number 71, T71
2026-04-12 16:54:45.064019 INFO::Fitting model to feature number 72, T72
2026-04-12 16:54:45.064972 INFO::Fitting model to feature number 73, T73
2026-04-12 16:54:45.065917 INFO::Fitting model to feature number 74, T74
2026-04-12 16:54:45.06688 INFO::Fitting model to feature number 75, T75
2026-04-12 16:54:45.067838 INFO::Fitting model to feature number 76, T76
2026-04-12 16:54:45.06879 INFO::Fitting model to feature number 77, T77
2026-04-12 16:54:45.069737 INFO::Fitting model to feature number 78, T78
2026-04-12 16:54:45.070728 INFO::Fitting model to feature number 79, T79
2026-04-12 16:54:45.07172 INFO::Fitting model to feature number 80, T80
2026-04-12 16:54:45.072706 INFO::Fitting model to feature number 81, T81
2026-04-12 16:54:45.073665 INFO::Fitting model to feature number 82, T82
2026-04-12 16:54:45.074635 INFO::Fitting model to feature number 83, T83
2026-04-12 16:54:45.075594 INFO::Fitting model to feature number 84, T84
2026-04-12 16:54:45.076553 INFO::Fitting model to feature number 85, T85
2026-04-12 16:54:45.077518 INFO::Fitting model to feature number 86, T86
2026-04-12 16:54:45.078503 INFO::Fitting model to feature number 87, T87
2026-04-12 16:54:45.079463 INFO::Fitting model to feature number 88, T88
2026-04-12 16:54:45.080425 INFO::Fitting model to feature number 89, T89
2026-04-12 16:54:45.081386 INFO::Fitting model to feature number 90, T90
2026-04-12 16:54:45.082335 INFO::Fitting model to feature number 91, T91
2026-04-12 16:54:45.083308 INFO::Fitting model to feature number 92, T92
2026-04-12 16:54:45.084284 INFO::Fitting model to feature number 93, T93
2026-04-12 16:54:45.085247 INFO::Fitting model to feature number 94, T94
2026-04-12 16:54:45.086204 INFO::Fitting model to feature number 95, T95
2026-04-12 16:54:45.087157 INFO::Fitting model to feature number 96, T96
2026-04-12 16:54:45.088133 INFO::Fitting model to feature number 97, T97
2026-04-12 16:54:45.089095 INFO::Fitting model to feature number 98, T98
2026-04-12 16:54:45.090072 INFO::Fitting model to feature number 99, T99
2026-04-12 16:54:45.091045 INFO::Fitting model to feature number 100, T100
2026-04-12 16:54:45.096775 INFO::Counting total values for each feature
2026-04-12 16:54:45.098822 INFO::Writing filtered data to file /Users/sreyasarkar/RProjects/muffinette/ZellerG_2014.metaphlan_bugs_list.stool/features/filtered_data.tsv
2026-04-12 16:54:45.110443 INFO::Writing filtered, normalized data to file /Users/sreyasarkar/RProjects/muffinette/ZellerG_2014.metaphlan_bugs_list.stool/features/filtered_data_norm.tsv
2026-04-12 16:54:45.120574 INFO::Writing filtered, normalized, transformed data to file /Users/sreyasarkar/RProjects/muffinette/ZellerG_2014.metaphlan_bugs_list.stool/features/filtered_data_norm_transformed.tsv
2026-04-12 16:54:45.130188 WARNING::Deleting existing residuals file: /Users/sreyasarkar/RProjects/muffinette/ZellerG_2014.metaphlan_bugs_list.stool/fits/residuals.rds
2026-04-12 16:54:45.130682 INFO::Writing residuals to file /Users/sreyasarkar/RProjects/muffinette/ZellerG_2014.metaphlan_bugs_list.stool/fits/residuals.rds
2026-04-12 16:54:45.134677 WARNING::Deleting existing fitted file: /Users/sreyasarkar/RProjects/muffinette/ZellerG_2014.metaphlan_bugs_list.stool/fits/fitted.rds
2026-04-12 16:54:45.135268 INFO::Writing fitted values to file /Users/sreyasarkar/RProjects/muffinette/ZellerG_2014.metaphlan_bugs_list.stool/fits/fitted.rds
2026-04-12 16:54:45.136386 INFO::Writing all results to file (ordered by increasing q-values): /Users/sreyasarkar/RProjects/muffinette/ZellerG_2014.metaphlan_bugs_list.stool/all_results.tsv
2026-04-12 16:54:45.137481 INFO::Writing the significant results (those which are less than or equal to the threshold of 1.000000 ) to file (ordered by increasing q-values): /Users/sreyasarkar/RProjects/muffinette/ZellerG_2014.metaphlan_bugs_list.stool/significant_results.tsv
