2026-04-12 16:50:19.765562 INFO::Writing function arguments to log file
2026-04-12 16:50:19.765939 DEBUG::Function arguments
2026-04-12 16:50:19.766124 DEBUG::Output folder: MMUPHin_lm_meta//VogtmannE_2016.metaphlan_bugs_list.stool
2026-04-12 16:50:19.766305 DEBUG::Min Abundance: 0.000000
2026-04-12 16:50:19.766469 DEBUG::Min Prevalence: 0.000000
2026-04-12 16:50:19.766625 DEBUG::Normalization: NONE
2026-04-12 16:50:19.766778 DEBUG::Transform: NONE
2026-04-12 16:50:19.766931 DEBUG::Analysis method: LM
2026-04-12 16:50:19.767085 DEBUG::Max significance: 1.000000
2026-04-12 16:50:19.767243 DEBUG::Random effects:
2026-04-12 16:50:19.767398 DEBUG::Fixed effects: E1
2026-04-12 16:50:19.767533 DEBUG::Correction method: BH
2026-04-12 16:50:19.76767 DEBUG::Standardize: FALSE
2026-04-12 16:50:19.767809 DEBUG::Cores: 1
2026-04-12 16:50:19.767939 INFO::Verifying options selected are valid
2026-04-12 16:50:19.768248 INFO::Determining format of input files
2026-04-12 16:50:19.768552 INFO::Input format is data samples as columns and metadata samples as rows
2026-04-12 16:50:19.769295 DEBUG::Transformed data so samples are rows
2026-04-12 16:50:19.769587 DEBUG::A total of 104 samples were found in both the data and metadata
2026-04-12 16:50:19.769732 DEBUG::Reordering data/metadata to use same sample ordering
2026-04-12 16:50:19.770357 INFO::Formula for fixed effects: expr ~  E1
2026-04-12 16:50:19.770665 INFO::Factor detected for categorial metadata 'E1'. Provide a reference argument or manually set factor ordering to change reference level.
2026-04-12 16:50:19.770922 INFO::Filter data based on min abundance and min prevalence
2026-04-12 16:50:19.771171 INFO::Total samples in data: 104
2026-04-12 16:50:19.771411 INFO::Min samples required with min abundance for a feature not to be filtered: 0.000000
2026-04-12 16:50:19.772239 INFO::Total filtered features: 0
2026-04-12 16:50:19.772526 INFO::Filtered feature names from abundance and prevalence filtering:
2026-04-12 16:50:19.773637 INFO::Total filtered features with variance filtering: 0
2026-04-12 16:50:19.77391 INFO::Filtered feature names from variance filtering:
2026-04-12 16:50:19.774149 INFO::Running selected normalization method: NONE
2026-04-12 16:50:19.774387 INFO::Bypass z-score application to metadata
2026-04-12 16:50:19.774616 INFO::Running selected transform method: NONE
2026-04-12 16:50:19.774856 INFO::Running selected analysis method: LM
2026-04-12 16:50:19.775133 INFO::Fitting model to feature number 1, T1
2026-04-12 16:50:20.023497 INFO::Fitting model to feature number 2, T2
2026-04-12 16:50:20.024986 INFO::Fitting model to feature number 3, T3
2026-04-12 16:50:20.026106 INFO::Fitting model to feature number 4, T4
2026-04-12 16:50:20.027187 INFO::Fitting model to feature number 5, T5
2026-04-12 16:50:20.028299 INFO::Fitting model to feature number 6, T6
2026-04-12 16:50:20.029407 INFO::Fitting model to feature number 7, T7
2026-04-12 16:50:20.030498 INFO::Fitting model to feature number 8, T8
2026-04-12 16:50:20.031579 INFO::Fitting model to feature number 9, T9
2026-04-12 16:50:20.032662 INFO::Fitting model to feature number 10, T10
2026-04-12 16:50:20.033745 INFO::Fitting model to feature number 11, T11
2026-04-12 16:50:20.034828 INFO::Fitting model to feature number 12, T12
2026-04-12 16:50:20.035905 INFO::Fitting model to feature number 13, T13
2026-04-12 16:50:20.037052 INFO::Fitting model to feature number 14, T14
2026-04-12 16:50:20.038131 INFO::Fitting model to feature number 15, T15
2026-04-12 16:50:20.039203 INFO::Fitting model to feature number 16, T16
2026-04-12 16:50:20.040266 INFO::Fitting model to feature number 17, T17
2026-04-12 16:50:20.041337 INFO::Fitting model to feature number 18, T18
2026-04-12 16:50:20.042387 INFO::Fitting model to feature number 19, T19
2026-04-12 16:50:20.043432 INFO::Fitting model to feature number 20, T20
2026-04-12 16:50:20.044493 INFO::Fitting model to feature number 21, T21
2026-04-12 16:50:20.045556 INFO::Fitting model to feature number 22, T22
2026-04-12 16:50:20.046697 INFO::Fitting model to feature number 23, T23
2026-04-12 16:50:20.047768 INFO::Fitting model to feature number 24, T24
2026-04-12 16:50:20.04891 INFO::Fitting model to feature number 25, T25
2026-04-12 16:50:20.049993 INFO::Fitting model to feature number 26, T26
2026-04-12 16:50:20.051083 INFO::Fitting model to feature number 27, T27
2026-04-12 16:50:20.052181 INFO::Fitting model to feature number 28, T28
2026-04-12 16:50:20.053274 INFO::Fitting model to feature number 29, T29
2026-04-12 16:50:20.054365 INFO::Fitting model to feature number 30, T30
2026-04-12 16:50:20.055436 INFO::Fitting model to feature number 31, T31
2026-04-12 16:50:20.056489 INFO::Fitting model to feature number 32, T32
2026-04-12 16:50:20.057541 INFO::Fitting model to feature number 33, T33
2026-04-12 16:50:20.058605 INFO::Fitting model to feature number 34, T34
2026-04-12 16:50:20.059663 INFO::Fitting model to feature number 35, T35
2026-04-12 16:50:20.06074 INFO::Fitting model to feature number 36, T36
2026-04-12 16:50:20.06179 INFO::Fitting model to feature number 37, T37
2026-04-12 16:50:20.062866 INFO::Fitting model to feature number 38, T38
2026-04-12 16:50:20.0639 INFO::Fitting model to feature number 39, T39
2026-04-12 16:50:20.06495 INFO::Fitting model to feature number 40, T40
2026-04-12 16:50:20.066001 INFO::Fitting model to feature number 41, T41
2026-04-12 16:50:20.067041 INFO::Fitting model to feature number 42, T42
2026-04-12 16:50:20.068082 INFO::Fitting model to feature number 43, T43
2026-04-12 16:50:20.069133 INFO::Fitting model to feature number 44, T44
2026-04-12 16:50:20.070201 INFO::Fitting model to feature number 45, T45
2026-04-12 16:50:20.071274 INFO::Fitting model to feature number 46, T46
2026-04-12 16:50:20.072453 INFO::Fitting model to feature number 47, T47
2026-04-12 16:50:20.073529 INFO::Fitting model to feature number 48, T48
2026-04-12 16:50:20.074617 INFO::Fitting model to feature number 49, T49
2026-04-12 16:50:20.075678 INFO::Fitting model to feature number 50, T50
2026-04-12 16:50:20.076752 INFO::Fitting model to feature number 51, T51
2026-04-12 16:50:20.077803 INFO::Fitting model to feature number 52, T52
2026-04-12 16:50:20.078878 INFO::Fitting model to feature number 53, T53
2026-04-12 16:50:20.080105 INFO::Fitting model to feature number 54, T54
2026-04-12 16:50:20.08117 INFO::Fitting model to feature number 55, T55
2026-04-12 16:50:20.082238 INFO::Fitting model to feature number 56, T56
2026-04-12 16:50:20.083302 INFO::Fitting model to feature number 57, T57
2026-04-12 16:50:20.08434 INFO::Fitting model to feature number 58, T58
2026-04-12 16:50:20.085376 INFO::Fitting model to feature number 59, T59
2026-04-12 16:50:20.101745 INFO::Fitting model to feature number 60, T60
2026-04-12 16:50:20.103038 INFO::Fitting model to feature number 61, T61
2026-04-12 16:50:20.104054 INFO::Fitting model to feature number 62, T62
2026-04-12 16:50:20.105069 INFO::Fitting model to feature number 63, T63
2026-04-12 16:50:20.106073 INFO::Fitting model to feature number 64, T64
2026-04-12 16:50:20.107089 INFO::Fitting model to feature number 65, T65
2026-04-12 16:50:20.108093 INFO::Fitting model to feature number 66, T66
2026-04-12 16:50:20.109227 INFO::Fitting model to feature number 67, T67
2026-04-12 16:50:20.110351 INFO::Fitting model to feature number 68, T68
2026-04-12 16:50:20.111396 INFO::Fitting model to feature number 69, T69
2026-04-12 16:50:20.112433 INFO::Fitting model to feature number 70, T70
2026-04-12 16:50:20.113586 INFO::Fitting model to feature number 71, T71
2026-04-12 16:50:20.114631 INFO::Fitting model to feature number 72, T72
2026-04-12 16:50:20.115658 INFO::Fitting model to feature number 73, T73
2026-04-12 16:50:20.116677 INFO::Fitting model to feature number 74, T74
2026-04-12 16:50:20.117703 INFO::Fitting model to feature number 75, T75
2026-04-12 16:50:20.11873 INFO::Fitting model to feature number 76, T76
2026-04-12 16:50:20.119746 INFO::Fitting model to feature number 77, T77
2026-04-12 16:50:20.120787 INFO::Fitting model to feature number 78, T78
2026-04-12 16:50:20.121789 INFO::Fitting model to feature number 79, T79
2026-04-12 16:50:20.122889 INFO::Fitting model to feature number 80, T80
2026-04-12 16:50:20.124025 INFO::Fitting model to feature number 81, T81
2026-04-12 16:50:20.125105 INFO::Fitting model to feature number 82, T82
2026-04-12 16:50:20.126252 INFO::Fitting model to feature number 83, T83
2026-04-12 16:50:20.127268 INFO::Fitting model to feature number 84, T84
2026-04-12 16:50:20.128292 INFO::Fitting model to feature number 85, T85
2026-04-12 16:50:20.129328 INFO::Fitting model to feature number 86, T86
2026-04-12 16:50:20.13036 INFO::Fitting model to feature number 87, T87
2026-04-12 16:50:20.131393 INFO::Fitting model to feature number 88, T88
2026-04-12 16:50:20.132375 INFO::Fitting model to feature number 89, T89
2026-04-12 16:50:20.13343 INFO::Fitting model to feature number 90, T90
2026-04-12 16:50:20.134418 INFO::Fitting model to feature number 91, T92
2026-04-12 16:50:20.135408 INFO::Fitting model to feature number 92, T93
2026-04-12 16:50:20.136399 INFO::Fitting model to feature number 93, T94
2026-04-12 16:50:20.137401 INFO::Fitting model to feature number 94, T95
2026-04-12 16:50:20.13837 INFO::Fitting model to feature number 95, T96
2026-04-12 16:50:20.139348 INFO::Fitting model to feature number 96, T97
2026-04-12 16:50:20.140312 INFO::Fitting model to feature number 97, T98
2026-04-12 16:50:20.141296 INFO::Fitting model to feature number 98, T99
2026-04-12 16:50:20.14227 INFO::Fitting model to feature number 99, T100
2026-04-12 16:50:20.148638 INFO::Counting total values for each feature
2026-04-12 16:50:20.150855 INFO::Writing filtered data to file MMUPHin_lm_meta//VogtmannE_2016.metaphlan_bugs_list.stool/features/filtered_data.tsv
2026-04-12 16:50:20.156387 INFO::Writing filtered, normalized data to file MMUPHin_lm_meta//VogtmannE_2016.metaphlan_bugs_list.stool/features/filtered_data_norm.tsv
2026-04-12 16:50:20.161529 INFO::Writing filtered, normalized, transformed data to file MMUPHin_lm_meta//VogtmannE_2016.metaphlan_bugs_list.stool/features/filtered_data_norm_transformed.tsv
2026-04-12 16:50:20.167268 WARNING::Deleting existing residuals file: MMUPHin_lm_meta//VogtmannE_2016.metaphlan_bugs_list.stool/fits/residuals.rds
2026-04-12 16:50:20.167906 INFO::Writing residuals to file MMUPHin_lm_meta//VogtmannE_2016.metaphlan_bugs_list.stool/fits/residuals.rds
2026-04-12 16:50:20.170019 WARNING::Deleting existing fitted file: MMUPHin_lm_meta//VogtmannE_2016.metaphlan_bugs_list.stool/fits/fitted.rds
2026-04-12 16:50:20.170455 INFO::Writing fitted values to file MMUPHin_lm_meta//VogtmannE_2016.metaphlan_bugs_list.stool/fits/fitted.rds
2026-04-12 16:50:20.171183 INFO::Writing all results to file (ordered by increasing q-values): MMUPHin_lm_meta//VogtmannE_2016.metaphlan_bugs_list.stool/all_results.tsv
2026-04-12 16:50:20.1722 INFO::Writing the significant results (those which are less than or equal to the threshold of 1.000000 ) to file (ordered by increasing q-values): MMUPHin_lm_meta//VogtmannE_2016.metaphlan_bugs_list.stool/significant_results.tsv
2026-04-12 16:50:20.176576 WARNING::Input is a matrix, passing through as.data.frame() .
